<!DOCTYPE html PUBLIC "-//W3C//DTD XHTML 1.1//EN" "https://www.w3.org/TR/xhtml11/DTD/xhtml11.dtd">
<html xmlns="https://www.w3.org/1999/xhtml">
<head>
<meta http-equiv="content-type" content="text/html; charset=UTF-8"/>
<title>TestNG Report</title>
<style type="text/css">table {margin-bottom:10px;border-collapse:collapse;empty-cells:show}th,td {border:1px solid #009;padding:.25em .5em}th {vertical-align:bottom}td {vertical-align:top}table a {font-weight:bold}.stripe td {background-color: #E6EBF9}.num {text-align:right}.passedodd td {background-color: #3F3}.passedeven td {background-color: #0A0}.skippedodd td {background-color: #DDD}.skippedeven td {background-color: #CCC}.failedodd td,.attn {background-color: #F33}.failedeven td,.stripe .attn {background-color: #D00}.stacktrace {white-space:pre;font-family:monospace}.totop {font-size:85%;text-align:center;border-bottom:2px solid #000}.invisible {display:none}</style>
</head>
<body>
<table>
<tr><th>Test</th><th># Passed</th><th># Skipped</th><th># Retried</th><th># Failed</th><th>Time (ms)</th><th>Included Groups</th><th>Excluded Groups</th></tr>
<tr><th colspan="8">Suite</th></tr>
<tr><td><a href="#t0">Test</a></td><td class="num">0</td><td class="num">0</td><td class="num attn">10</td><td class="num attn">2</td><td class="num">257,428</td><td></td><td></td></tr>
</table>
<table id='summary'><thead><tr><th>Class</th><th>Method</th><th>Start</th><th>Time (ms)</th></tr></thead><tbody><tr><th colspan="4">Suite</th></tr></tbody><tbody id="t0"><tr><th colspan="4">Test &#8212; failed (configuration methods)</th></tr><tr class="failedeven"><td rowspan="1">shopperstack.logintest.AddAdressTest</td><td><a href="#m0">login</a></td><td rowspan="1">1702043272297</td><td rowspan="1">120096</td></tr><tr class="failedodd"><td rowspan="1">shopperstack.logintest.AddtoCartTest</td><td><a href="#m1">login</a></td><td rowspan="1">1702043400622</td><td rowspan="1">120132</td></tr><tr><th colspan="4">Test &#8212; failed</th></tr><tr class="failedeven"><td rowspan="1">shopperstack.logintest.AddAdressTest</td><td><a href="#m2">addAddress</a></td><td rowspan="1">1702043392432</td><td rowspan="1">3</td></tr><tr class="failedodd"><td rowspan="1">shopperstack.logintest.AddtoCartTest</td><td><a href="#m3">addToCartTest</a></td><td rowspan="1">1702043520783</td><td rowspan="1">2</td></tr><tr><th colspan="4">Test &#8212; skipped (configuration methods)</th></tr><tr class="skippedeven"><td rowspan="10">shopperstack.logintest.AddAdressTest</td><td><a href="#m4">closeBrowser</a></td><td rowspan="1">1702043392847</td><td rowspan="1">0</td></tr><tr class="skippedeven"><td><a href="#m5">login</a></td><td rowspan="4">1702043392423</td><td rowspan="4">0</td></tr><tr class="skippedeven"><td><a href="#m6">login</a></td></tr><tr class="skippedeven"><td><a href="#m7">login</a></td></tr><tr class="skippedeven"><td><a href="#m8">login</a></td></tr><tr class="skippedeven"><td><a href="#m9">logout</a></td><td rowspan="5">1702043392404</td><td rowspan="5">0</td></tr><tr class="skippedeven"><td><a href="#m10">logout</a></td></tr><tr class="skippedeven"><td><a href="#m11">logout</a></td></tr><tr class="skippedeven"><td><a href="#m12">logout</a></td></tr><tr class="skippedeven"><td><a href="#m13">logout</a></td></tr><tr class="skippedodd"><td rowspan="10">shopperstack.logintest.AddtoCartTest</td><td><a href="#m14">closeBrowser</a></td><td rowspan="1">1702043521200</td><td rowspan="1">0</td></tr><tr class="skippedodd"><td><a href="#m15">login</a></td><td rowspan="4">1702043520781</td><td rowspan="4">0</td></tr><tr class="skippedodd"><td><a href="#m16">login</a></td></tr><tr class="skippedodd"><td><a href="#m17">login</a></td></tr><tr class="skippedodd"><td><a href="#m18">login</a></td></tr><tr class="skippedodd"><td><a href="#m19">logout</a></td><td rowspan="5">1702043520759</td><td rowspan="5">0</td></tr><tr class="skippedodd"><td><a href="#m20">logout</a></td></tr><tr class="skippedodd"><td><a href="#m21">logout</a></td></tr><tr class="skippedodd"><td><a href="#m22">logout</a></td></tr><tr class="skippedodd"><td><a href="#m23">logout</a></td></tr><tr><th colspan="4">Test &#8212; retried</th></tr><tr class="retriedeven"><td rowspan="5">shopperstack.logintest.AddAdressTest</td><td><a href="#m24">addAddress</a></td><td rowspan="5">1702043272270</td><td rowspan="5">18</td></tr><tr class="retriedeven"><td><a href="#m25">addAddress</a></td></tr><tr class="retriedeven"><td><a href="#m26">addAddress</a></td></tr><tr class="retriedeven"><td><a href="#m27">addAddress</a></td></tr><tr class="retriedeven"><td><a href="#m28">addAddress</a></td></tr><tr class="retriedodd"><td rowspan="5">shopperstack.logintest.AddtoCartTest</td><td><a href="#m29">addToCartTest</a></td><td rowspan="5">1702043520776</td><td rowspan="5">2</td></tr><tr class="retriedodd"><td><a href="#m30">addToCartTest</a></td></tr><tr class="retriedodd"><td><a href="#m31">addToCartTest</a></td></tr><tr class="retriedodd"><td><a href="#m32">addToCartTest</a></td></tr><tr class="retriedodd"><td><a href="#m33">addToCartTest</a></td></tr></tbody>
</table>
<h2>Test</h2><h3 id="m0">shopperstack.logintest.AddAdressTest#login</h3><table class="result"><tr><th>Exception</th></tr><tr><td><div class="stacktrace">org.openqa.selenium.TimeoutException: Expected condition failed: waiting for element to be clickable: Proxy element for: DefaultElementLocator &apos;By.xpath: //button[text()=&apos;Login&apos;]&apos; (tried for 60 second(s) with 500 milliseconds interval)
	at org.openqa.selenium.support.ui.WebDriverWait.timeoutException(WebDriverWait.java:84)
	at org.openqa.selenium.support.ui.FluentWait.until(FluentWait.java:229)
	at shoppersstack.baseclass.BaseClass.login(BaseClass.java:50)
	at java.base/java.util.ArrayList.forEach(ArrayList.java:1511)
Caused by: org.openqa.selenium.NoSuchElementException: no such element: Unable to locate element: {&quot;method&quot;:&quot;xpath&quot;,&quot;selector&quot;:&quot;//button[text()=&apos;Login&apos;]&quot;}
  (Session info: chrome=119.0.6045.200)
For documentation on this error, please visit: https://www.selenium.dev/documentation/webdriver/troubleshooting/errors#no-such-element-exception
Build info: version: &apos;4.15.0&apos;, revision: &apos;1d14b5521b&apos;
System info: os.name: &apos;Windows 11&apos;, os.arch: &apos;amd64&apos;, os.version: &apos;10.0&apos;, java.version: &apos;17.0.2&apos;
Driver info: org.openqa.selenium.chrome.ChromeDriver
Command: [fb9481035ba3a8580b3b4207875cfce0, findElement {using=xpath, value=//button[text()=&apos;Login&apos;]}]
Capabilities {acceptInsecureCerts: false, browserName: chrome, browserVersion: 119.0.6045.200, chrome: {chromedriverVersion: 119.0.6045.105 (38c72552c5e..., userDataDir: C:\Users\manug\AppData\Loca...}, fedcm:accounts: true, goog:chromeOptions: {debuggerAddress: localhost:64499}, networkConnectionEnabled: false, pageLoadStrategy: normal, platformName: windows, proxy: Proxy(), se:cdp: ws://localhost:64499/devtoo..., se:cdpVersion: 119.0.6045.200, setWindowRect: true, strictFileInteractability: false, timeouts: {implicit: 0, pageLoad: 300000, script: 30000}, unhandledPromptBehavior: dismiss and notify, webauthn:extension:credBlob: true, webauthn:extension:largeBlob: true, webauthn:extension:minPinLength: true, webauthn:extension:prf: true, webauthn:virtualAuthenticators: true}
Session ID: fb9481035ba3a8580b3b4207875cfce0
	at org.openqa.selenium.remote.codec.w3c.W3CHttpResponseCodec.createException(W3CHttpResponseCodec.java:200)
	at org.openqa.selenium.remote.codec.w3c.W3CHttpResponseCodec.decode(W3CHttpResponseCodec.java:133)
	at org.openqa.selenium.remote.codec.w3c.W3CHttpResponseCodec.decode(W3CHttpResponseCodec.java:52)
	at org.openqa.selenium.remote.HttpCommandExecutor.execute(HttpCommandExecutor.java:191)
	at org.openqa.selenium.remote.service.DriverCommandExecutor.invokeExecute(DriverCommandExecutor.java:200)
	at org.openqa.selenium.remote.service.DriverCommandExecutor.execute(DriverCommandExecutor.java:175)
	at org.openqa.selenium.remote.RemoteWebDriver.execute(RemoteWebDriver.java:607)
	at org.openqa.selenium.remote.ElementLocation$ElementFinder$2.findElement(ElementLocation.java:165)
	at org.openqa.selenium.remote.ElementLocation.findElement(ElementLocation.java:59)
	at org.openqa.selenium.remote.RemoteWebDriver.findElement(RemoteWebDriver.java:364)
	at org.openqa.selenium.remote.RemoteWebDriver.findElement(RemoteWebDriver.java:358)
	at org.openqa.selenium.support.pagefactory.DefaultElementLocator.findElement(DefaultElementLocator.java:68)
	at org.openqa.selenium.support.pagefactory.internal.LocatingElementHandler.invoke(LocatingElementHandler.java:38)
	at jdk.proxy2/jdk.proxy2.$Proxy15.isDisplayed(Unknown Source)
	at org.openqa.selenium.support.ui.ExpectedConditions.elementIfVisible(ExpectedConditions.java:304)
	at org.openqa.selenium.support.ui.ExpectedConditions$10.apply(ExpectedConditions.java:290)
	at org.openqa.selenium.support.ui.ExpectedConditions$10.apply(ExpectedConditions.java:287)
	at org.openqa.selenium.support.ui.ExpectedConditions$23.apply(ExpectedConditions.java:656)
	at org.openqa.selenium.support.ui.ExpectedConditions$23.apply(ExpectedConditions.java:652)
	at org.openqa.selenium.support.ui.FluentWait.until(FluentWait.java:204)
	... 33 more
... Removed 36 stack frames</div></td></tr></table><p class="totop"><a href="#summary">back to summary</a></p>
<h3 id="m1">shopperstack.logintest.AddtoCartTest#login</h3><table class="result"><tr><th>Exception</th></tr><tr><td><div class="stacktrace">org.openqa.selenium.TimeoutException: Expected condition failed: waiting for element to be clickable: Proxy element for: DefaultElementLocator &apos;By.xpath: //button[text()=&apos;Login&apos;]&apos; (tried for 60 second(s) with 500 milliseconds interval)
	at org.openqa.selenium.support.ui.WebDriverWait.timeoutException(WebDriverWait.java:84)
	at org.openqa.selenium.support.ui.FluentWait.until(FluentWait.java:229)
	at shoppersstack.baseclass.BaseClass.login(BaseClass.java:50)
	at java.base/java.util.ArrayList.forEach(ArrayList.java:1511)
Caused by: org.openqa.selenium.NoSuchElementException: no such element: Unable to locate element: {&quot;method&quot;:&quot;xpath&quot;,&quot;selector&quot;:&quot;//button[text()=&apos;Login&apos;]&quot;}
  (Session info: chrome=119.0.6045.200)
For documentation on this error, please visit: https://www.selenium.dev/documentation/webdriver/troubleshooting/errors#no-such-element-exception
Build info: version: &apos;4.15.0&apos;, revision: &apos;1d14b5521b&apos;
System info: os.name: &apos;Windows 11&apos;, os.arch: &apos;amd64&apos;, os.version: &apos;10.0&apos;, java.version: &apos;17.0.2&apos;
Driver info: org.openqa.selenium.chrome.ChromeDriver
Command: [716603571c58bc8522de126db5e93de2, findElement {using=xpath, value=//button[text()=&apos;Login&apos;]}]
Capabilities {acceptInsecureCerts: false, browserName: chrome, browserVersion: 119.0.6045.200, chrome: {chromedriverVersion: 119.0.6045.105 (38c72552c5e..., userDataDir: C:\Users\manug\AppData\Loca...}, fedcm:accounts: true, goog:chromeOptions: {debuggerAddress: localhost:64550}, networkConnectionEnabled: false, pageLoadStrategy: normal, platformName: windows, proxy: Proxy(), se:cdp: ws://localhost:64550/devtoo..., se:cdpVersion: 119.0.6045.200, setWindowRect: true, strictFileInteractability: false, timeouts: {implicit: 0, pageLoad: 300000, script: 30000}, unhandledPromptBehavior: dismiss and notify, webauthn:extension:credBlob: true, webauthn:extension:largeBlob: true, webauthn:extension:minPinLength: true, webauthn:extension:prf: true, webauthn:virtualAuthenticators: true}
Session ID: 716603571c58bc8522de126db5e93de2
	at org.openqa.selenium.remote.codec.w3c.W3CHttpResponseCodec.createException(W3CHttpResponseCodec.java:200)
	at org.openqa.selenium.remote.codec.w3c.W3CHttpResponseCodec.decode(W3CHttpResponseCodec.java:133)
	at org.openqa.selenium.remote.codec.w3c.W3CHttpResponseCodec.decode(W3CHttpResponseCodec.java:52)
	at org.openqa.selenium.remote.HttpCommandExecutor.execute(HttpCommandExecutor.java:191)
	at org.openqa.selenium.remote.service.DriverCommandExecutor.invokeExecute(DriverCommandExecutor.java:200)
	at org.openqa.selenium.remote.service.DriverCommandExecutor.execute(DriverCommandExecutor.java:175)
	at org.openqa.selenium.remote.RemoteWebDriver.execute(RemoteWebDriver.java:607)
	at org.openqa.selenium.remote.ElementLocation$ElementFinder$2.findElement(ElementLocation.java:165)
	at org.openqa.selenium.remote.ElementLocation.findElement(ElementLocation.java:59)
	at org.openqa.selenium.remote.RemoteWebDriver.findElement(RemoteWebDriver.java:364)
	at org.openqa.selenium.remote.RemoteWebDriver.findElement(RemoteWebDriver.java:358)
	at org.openqa.selenium.support.pagefactory.DefaultElementLocator.findElement(DefaultElementLocator.java:68)
	at org.openqa.selenium.support.pagefactory.internal.LocatingElementHandler.invoke(LocatingElementHandler.java:38)
	at jdk.proxy2/jdk.proxy2.$Proxy15.isDisplayed(Unknown Source)
	at org.openqa.selenium.support.ui.ExpectedConditions.elementIfVisible(ExpectedConditions.java:304)
	at org.openqa.selenium.support.ui.ExpectedConditions$10.apply(ExpectedConditions.java:290)
	at org.openqa.selenium.support.ui.ExpectedConditions$10.apply(ExpectedConditions.java:287)
	at org.openqa.selenium.support.ui.ExpectedConditions$23.apply(ExpectedConditions.java:656)
	at org.openqa.selenium.support.ui.ExpectedConditions$23.apply(ExpectedConditions.java:652)
	at org.openqa.selenium.support.ui.FluentWait.until(FluentWait.java:204)
	... 33 more
... Removed 36 stack frames</div></td></tr></table><p class="totop"><a href="#summary">back to summary</a></p>
<h3 id="m2">shopperstack.logintest.AddAdressTest#addAddress</h3><table class="result"><tr><th>Messages</th></tr><tr><td><div class="messages">addAddress has Started<br/>addAddress has failed</div></td></tr><tr><th>Exception</th></tr><tr><td><div class="stacktrace">java.lang.AssertionError: null
	at shopperstack.logintest.AddAdressTest.addAddress(AddAdressTest.java:16)
	at java.base/java.util.ArrayList.forEach(ArrayList.java:1511)
... Removed 29 stack frames</div></td></tr></table><p class="totop"><a href="#summary">back to summary</a></p>
<h3 id="m3">shopperstack.logintest.AddtoCartTest#addToCartTest</h3><table class="result"><tr><th>Messages</th></tr><tr><td><div class="messages">addToCartTest has Started<br/>addToCartTest has failed</div></td></tr><tr><th>Exception</th></tr><tr><td><div class="stacktrace">java.lang.AssertionError: null
	at shopperstack.logintest.AddtoCartTest.addToCartTest(AddtoCartTest.java:16)
	at java.base/java.util.ArrayList.forEach(ArrayList.java:1511)
... Removed 29 stack frames</div></td></tr></table><p class="totop"><a href="#summary">back to summary</a></p>
<h3 id="m4">shopperstack.logintest.AddAdressTest#closeBrowser</h3><table class="result"><tr><th class="invisible"/></tr></table><p class="totop"><a href="#summary">back to summary</a></p>
<h3 id="m5">shopperstack.logintest.AddAdressTest#login</h3><table class="result"><tr><th class="invisible"/></tr></table><p class="totop"><a href="#summary">back to summary</a></p>
<h3 id="m6">shopperstack.logintest.AddAdressTest#login</h3><table class="result"><tr><th class="invisible"/></tr></table><p class="totop"><a href="#summary">back to summary</a></p>
<h3 id="m7">shopperstack.logintest.AddAdressTest#login</h3><table class="result"><tr><th class="invisible"/></tr></table><p class="totop"><a href="#summary">back to summary</a></p>
<h3 id="m8">shopperstack.logintest.AddAdressTest#login</h3><table class="result"><tr><th class="invisible"/></tr></table><p class="totop"><a href="#summary">back to summary</a></p>
<h3 id="m9">shopperstack.logintest.AddAdressTest#logout</h3><table class="result"><tr><th class="invisible"/></tr></table><p class="totop"><a href="#summary">back to summary</a></p>
<h3 id="m10">shopperstack.logintest.AddAdressTest#logout</h3><table class="result"><tr><th class="invisible"/></tr></table><p class="totop"><a href="#summary">back to summary</a></p>
<h3 id="m11">shopperstack.logintest.AddAdressTest#logout</h3><table class="result"><tr><th class="invisible"/></tr></table><p class="totop"><a href="#summary">back to summary</a></p>
<h3 id="m12">shopperstack.logintest.AddAdressTest#logout</h3><table class="result"><tr><th class="invisible"/></tr></table><p class="totop"><a href="#summary">back to summary</a></p>
<h3 id="m13">shopperstack.logintest.AddAdressTest#logout</h3><table class="result"><tr><th class="invisible"/></tr></table><p class="totop"><a href="#summary">back to summary</a></p>
<h3 id="m14">shopperstack.logintest.AddtoCartTest#closeBrowser</h3><table class="result"><tr><th class="invisible"/></tr></table><p class="totop"><a href="#summary">back to summary</a></p>
<h3 id="m15">shopperstack.logintest.AddtoCartTest#login</h3><table class="result"><tr><th class="invisible"/></tr></table><p class="totop"><a href="#summary">back to summary</a></p>
<h3 id="m16">shopperstack.logintest.AddtoCartTest#login</h3><table class="result"><tr><th class="invisible"/></tr></table><p class="totop"><a href="#summary">back to summary</a></p>
<h3 id="m17">shopperstack.logintest.AddtoCartTest#login</h3><table class="result"><tr><th class="invisible"/></tr></table><p class="totop"><a href="#summary">back to summary</a></p>
<h3 id="m18">shopperstack.logintest.AddtoCartTest#login</h3><table class="result"><tr><th class="invisible"/></tr></table><p class="totop"><a href="#summary">back to summary</a></p>
<h3 id="m19">shopperstack.logintest.AddtoCartTest#logout</h3><table class="result"><tr><th class="invisible"/></tr></table><p class="totop"><a href="#summary">back to summary</a></p>
<h3 id="m20">shopperstack.logintest.AddtoCartTest#logout</h3><table class="result"><tr><th class="invisible"/></tr></table><p class="totop"><a href="#summary">back to summary</a></p>
<h3 id="m21">shopperstack.logintest.AddtoCartTest#logout</h3><table class="result"><tr><th class="invisible"/></tr></table><p class="totop"><a href="#summary">back to summary</a></p>
<h3 id="m22">shopperstack.logintest.AddtoCartTest#logout</h3><table class="result"><tr><th class="invisible"/></tr></table><p class="totop"><a href="#summary">back to summary</a></p>
<h3 id="m23">shopperstack.logintest.AddtoCartTest#logout</h3><table class="result"><tr><th class="invisible"/></tr></table><p class="totop"><a href="#summary">back to summary</a></p>
<h3 id="m24">shopperstack.logintest.AddAdressTest#addAddress</h3><table class="result"><tr><th>Messages</th></tr><tr><td><div class="messages">addAddress has Started<br/>addAddress has skipped</div></td></tr><tr><th>Exception</th></tr><tr><td><div class="stacktrace">java.lang.AssertionError: null
	at shopperstack.logintest.AddAdressTest.addAddress(AddAdressTest.java:16)
	at java.base/java.util.ArrayList.forEach(ArrayList.java:1511)
... Removed 29 stack frames</div></td></tr></table><p class="totop"><a href="#summary">back to summary</a></p>
<h3 id="m25">shopperstack.logintest.AddAdressTest#addAddress</h3><table class="result"><tr><th>Messages</th></tr><tr><td><div class="messages">addAddress has Started<br/>addAddress has skipped</div></td></tr><tr><th>Exception</th></tr><tr><td><div class="stacktrace">java.lang.AssertionError: null
	at shopperstack.logintest.AddAdressTest.addAddress(AddAdressTest.java:16)
	at java.base/java.util.ArrayList.forEach(ArrayList.java:1511)
... Removed 29 stack frames</div></td></tr></table><p class="totop"><a href="#summary">back to summary</a></p>
<h3 id="m26">shopperstack.logintest.AddAdressTest#addAddress</h3><table class="result"><tr><th>Messages</th></tr><tr><td><div class="messages">addAddress has Started<br/>addAddress has skipped</div></td></tr><tr><th>Exception</th></tr><tr><td><div class="stacktrace">java.lang.AssertionError: null
	at shopperstack.logintest.AddAdressTest.addAddress(AddAdressTest.java:16)
	at java.base/java.util.ArrayList.forEach(ArrayList.java:1511)
... Removed 29 stack frames</div></td></tr></table><p class="totop"><a href="#summary">back to summary</a></p>
<h3 id="m27">shopperstack.logintest.AddAdressTest#addAddress</h3><table class="result"><tr><th>Messages</th></tr><tr><td><div class="messages">addAddress has Started<br/>addAddress has skipped</div></td></tr><tr><th>Exception</th></tr><tr><td><div class="stacktrace">java.lang.AssertionError: null
	at shopperstack.logintest.AddAdressTest.addAddress(AddAdressTest.java:16)
	at java.base/java.util.ArrayList.forEach(ArrayList.java:1511)
... Removed 29 stack frames</div></td></tr></table><p class="totop"><a href="#summary">back to summary</a></p>
<h3 id="m28">shopperstack.logintest.AddAdressTest#addAddress</h3><table class="result"><tr><th>Messages</th></tr><tr><td><div class="messages">addAddress has Started<br/>addAddress has skipped</div></td></tr><tr><th>Exception</th></tr><tr><td><div class="stacktrace">java.lang.AssertionError: null
	at shopperstack.logintest.AddAdressTest.addAddress(AddAdressTest.java:16)
	at java.base/java.util.ArrayList.forEach(ArrayList.java:1511)
... Removed 29 stack frames</div></td></tr></table><p class="totop"><a href="#summary">back to summary</a></p>
<h3 id="m29">shopperstack.logintest.AddtoCartTest#addToCartTest</h3><table class="result"><tr><th>Messages</th></tr><tr><td><div class="messages">addToCartTest has Started<br/>addToCartTest has skipped</div></td></tr><tr><th>Exception</th></tr><tr><td><div class="stacktrace">java.lang.AssertionError: null
	at shopperstack.logintest.AddtoCartTest.addToCartTest(AddtoCartTest.java:16)
	at java.base/java.util.ArrayList.forEach(ArrayList.java:1511)
... Removed 29 stack frames</div></td></tr></table><p class="totop"><a href="#summary">back to summary</a></p>
<h3 id="m30">shopperstack.logintest.AddtoCartTest#addToCartTest</h3><table class="result"><tr><th>Messages</th></tr><tr><td><div class="messages">addToCartTest has Started<br/>addToCartTest has skipped</div></td></tr><tr><th>Exception</th></tr><tr><td><div class="stacktrace">java.lang.AssertionError: null
	at shopperstack.logintest.AddtoCartTest.addToCartTest(AddtoCartTest.java:16)
	at java.base/java.util.ArrayList.forEach(ArrayList.java:1511)
... Removed 29 stack frames</div></td></tr></table><p class="totop"><a href="#summary">back to summary</a></p>
<h3 id="m31">shopperstack.logintest.AddtoCartTest#addToCartTest</h3><table class="result"><tr><th>Messages</th></tr><tr><td><div class="messages">addToCartTest has Started<br/>addToCartTest has skipped</div></td></tr><tr><th>Exception</th></tr><tr><td><div class="stacktrace">java.lang.AssertionError: null
	at shopperstack.logintest.AddtoCartTest.addToCartTest(AddtoCartTest.java:16)
	at java.base/java.util.ArrayList.forEach(ArrayList.java:1511)
... Removed 29 stack frames</div></td></tr></table><p class="totop"><a href="#summary">back to summary</a></p>
<h3 id="m32">shopperstack.logintest.AddtoCartTest#addToCartTest</h3><table class="result"><tr><th>Messages</th></tr><tr><td><div class="messages">addToCartTest has Started<br/>addToCartTest has skipped</div></td></tr><tr><th>Exception</th></tr><tr><td><div class="stacktrace">java.lang.AssertionError: null
	at shopperstack.logintest.AddtoCartTest.addToCartTest(AddtoCartTest.java:16)
	at java.base/java.util.ArrayList.forEach(ArrayList.java:1511)
... Removed 29 stack frames</div></td></tr></table><p class="totop"><a href="#summary">back to summary</a></p>
<h3 id="m33">shopperstack.logintest.AddtoCartTest#addToCartTest</h3><table class="result"><tr><th>Messages</th></tr><tr><td><div class="messages">addToCartTest has Started<br/>addToCartTest has skipped</div></td></tr><tr><th>Exception</th></tr><tr><td><div class="stacktrace">java.lang.AssertionError: null
	at shopperstack.logintest.AddtoCartTest.addToCartTest(AddtoCartTest.java:16)
	at java.base/java.util.ArrayList.forEach(ArrayList.java:1511)
... Removed 29 stack frames</div></td></tr></table><p class="totop"><a href="#summary">back to summary</a></p>
</body>
</html>
