<?xml version="1.0" encoding="UTF-8"?>
<!-- Generated by org.testng.reporters.JUnitXMLReporter -->
<testsuite ignored="0" hostname="Manoj_Kumar_M" failures="1" tests="1" name="Test" time="11.691" errors="0" timestamp="2023-11-29T16:44:13 IST">
  <testcase classname="shopperstack.logintest.AddtoCartTest" name="addToCartTest" time="0.009">
    <failure type="java.lang.AssertionError" message="null">
      <![CDATA[java.lang.AssertionError: null
at shopperstack.logintest.AddtoCartTest.addToCartTest(AddtoCartTest.java:14)
at java.base/java.util.ArrayList.forEach(ArrayList.java:1511)
... Removed 29 stack frames]]>
    </failure>
  </testcase> <!-- addToCartTest -->
</testsuite> <!-- Test -->
